<?xml version="1.0" encoding="UTF-8"?>
<testsuite xmlns:xsi="http://www.w3.org/2001/XMLSchema-instance" xsi:noNamespaceSchemaLocation="https://maven.apache.org/surefire/maven-surefire-plugin/xsd/surefire-test-report.xsd" name="com.ontariotechu.sofe3980U.BinaryTest" time="0.003" tests="16" errors="0" skipped="0" failures="3">
  <properties>
[...]
</properties>
  <testcase name="constructorWithInvalidDigits" classname="com.ontariotechu.sofe3980U.BinaryTest" time="0"/>
  <testcase name="testAnd" classname="com.ontariotechu.sofe3980U.BinaryTest" time="0"/>
  <testcase name="multiply1" classname="com.ontariotechu.sofe3980U.BinaryTest" time="0.001"/>
  <testcase name="multiply2" classname="com.ontariotechu.sofe3980U.BinaryTest" time="0"/>
  <testcase name="multiply3" classname="com.ontariotechu.sofe3980U.BinaryTest" time="0.001">
    <failure type="java.lang.AssertionError">java.lang.AssertionError
	at com.ontariotechu.sofe3980U.BinaryTest.multiply3(BinaryTest.java:166)
</failure>
  </testcase>
  <testcase name="testOr" classname="com.ontariotechu.sofe3980U.BinaryTest" time="0"/>
  <testcase name="add" classname="com.ontariotechu.sofe3980U.BinaryTest" time="0"/>
  <testcase name="add2" classname="com.ontariotechu.sofe3980U.BinaryTest" time="0"/>
  <testcase name="add3" classname="com.ontariotechu.sofe3980U.BinaryTest" time="0"/>
  <testcase name="add4" classname="com.ontariotechu.sofe3980U.BinaryTest" time="0"/>
  <testcase name="add5" classname="com.ontariotechu.sofe3980U.BinaryTest" time="0">
    <failure type="java.lang.AssertionError">java.lang.AssertionError
	at com.ontariotechu.sofe3980U.BinaryTest.add5(BinaryTest.java:119)
</failure>
  </testcase>
  <testcase name="constructorWithNegativeSign" classname="com.ontariotechu.sofe3980U.BinaryTest" time="0"/>
  <testcase name="constructorWithInvalidChars" classname="com.ontariotechu.sofe3980U.BinaryTest" time="0"/>
  <testcase name="constructorEmptyString" classname="com.ontariotechu.sofe3980U.BinaryTest" time="0">
    <failure type="java.lang.AssertionError">java.lang.AssertionError
	at com.ontariotechu.sofe3980U.BinaryTest.constructorEmptyString(BinaryTest.java:64)
</failure>
  </testcase>
  <testcase name="normalConstructor" classname="com.ontariotechu.sofe3980U.BinaryTest" time="0.001"/>
  <testcase name="constructorWithZeroTailing" classname="com.ontariotechu.sofe3980U.BinaryTest" time="0"/>
</testsuite>